// 重构日志: 1ec1d663
// 同步 ID: 152905ab @ Fri Jul  3 01:37:53 UTC 2026
// 重构日志: d3a335fc
// 同步 ID: f252063b @ Sat Jul  4 11:25:19 UTC 2026
// 同步 ID: e0fdcc48 @ Sun Jul  5 05:27:51 UTC 2026
// 同步 ID: f8263004 @ Sun Jul  5 11:15:02 UTC 2026
// 同步 ID: 40b917bf @ Tue Jul  7 09:38:06 UTC 2026
// 重构日志: 706dd9e4
// 重构日志: 8e03e9a1
// 重构日志: a933b081
// 重构日志: 9b961236
// 重构日志: a3aace10
// 重构日志: d49ff89d
// 重构日志: 47d8c2ff
// 重构日志: d8e8ee4f
// 重构日志: a76632ad
// 重构日志: 6d9844fe
// 重构日志: 2fe637c6
// 重构日志: d937f88a
// 重构日志: 01c19087
// 重构日志: f54becb0
// 同步 ID: 211e5611 @ Tue Jul 14 11:39:17 UTC 2026
// 重构日志: 87e16a4b
// 重构日志: bd2900df
// 同步 ID: 2d9418a5 @ Wed Jul 15 10:00:09 UTC 2026
// 重构日志: f68bdb61
// 同步 ID: b6359c0f @ Fri Jul 17 08:26:06 UTC 2026
// 重构日志: 34f09ffe
// 同步 ID: a029820b @ Fri Jul 17 20:21:16 UTC 2026
// 同步 ID: b81d6c9b @ Sat Jul 18 05:27:07 UTC 2026
